Using pre-set license
Built from '2020.3/staging' branch; Version is '2020.3.19f1 (68f137dc9bbe) revision 6877495'; Using compiler version '192528614'; Build Type 'Release'
OS: 'Windows 10 Home; OS build 22000.434; Version 2009; 64bit' Language: 'es' Physical Memory: 12125 MB
BatchMode: 1, IsHumanControllingUs: 0, StartBugReporterOnCrash: 0, Is64bit: 1, IsPro: 0

COMMAND LINE ARGUMENTS:
C:\Program Files\Unity\Hub\Editor\2020.3.19f1\Editor\Unity.exe
-adb2
-batchMode
-noUpm
-name
AssetImportWorker0
-projectPath
C:/Users/manuc/Desktop/CursoCoder/Proyecto/Proyecto final/ProyectoFInal
-logFile
Logs/AssetImportWorker0.log
-srvPort
60270
Successfully changed project path to: C:/Users/manuc/Desktop/CursoCoder/Proyecto/Proyecto final/ProyectoFInal
C:/Users/manuc/Desktop/CursoCoder/Proyecto/Proyecto final/ProyectoFInal
Using Asset Import Pipeline V2.
Refreshing native plugins compatible for Editor in 70.15 ms, found 2 plugins.
Preloading 0 native plugins for Editor in 0.00 ms.
Initialize engine version: 2020.3.19f1 (68f137dc9bbe)
[Subsystems] Discovering subsystems at path C:/Program Files/Unity/Hub/Editor/2020.3.19f1/Editor/Data/Resources/UnitySubsystems
[Subsystems] Discovering subsystems at path C:/Users/manuc/Desktop/CursoCoder/Proyecto/Proyecto final/ProyectoFInal/Assets
GfxDevice: creating device client; threaded=0
Direct3D:
    Version:  Direct3D 11.0 [level 11.1]
    Renderer: NVIDIA GeForce GTX 1650 (ID=0x1f91)
    Vendor:   
    VRAM:     3962 MB
    Driver:   30.0.14.9709
Initialize mono
Mono path[0] = 'C:/Program Files/Unity/Hub/Editor/2020.3.19f1/Editor/Data/Managed'
Mono path[1] = 'C:/Program Files/Unity/Hub/Editor/2020.3.19f1/Editor/Data/MonoBleedingEdge/lib/mono/unityjit'
Mono config path = 'C:/Program Files/Unity/Hub/Editor/2020.3.19f1/Editor/Data/MonoBleedingEdge/etc'
Using monoOptions --debugger-agent=transport=dt_socket,embedding=1,server=y,suspend=n,address=127.0.0.1:56084
Begin MonoManager ReloadAssembly
Registering precompiled unity dll's ...
Register platform support module: C:/Program Files/Unity/Hub/Editor/2020.3.19f1/Editor/Data/PlaybackEngines/WindowsStandaloneSupport/UnityEditor.WindowsStandalone.Extensions.dll
Registered in 0.001114 seconds.
Native extension for WindowsStandalone target not found
Refreshing native plugins compatible for Editor in 62.93 ms, found 2 plugins.
Preloading 0 native plugins for Editor in 0.00 ms.
Mono: successfully reloaded assembly
- Completed reload, in  1.024 seconds
Domain Reload Profiling:
	ReloadAssembly (1025ms)
		BeginReloadAssembly (48ms)
			ExecutionOrderSort (0ms)
			DisableScriptedObjects (0ms)
			BackupInstance (0ms)
			ReleaseScriptingObjects (0ms)
			CreateAndSetChildDomain (1ms)
		EndReloadAssembly (449ms)
			LoadAssemblies (45ms)
			RebuildTransferFunctionScriptingTraits (0ms)
			SetupTypeCache (142ms)
			ReleaseScriptCaches (0ms)
			RebuildScriptCaches (32ms)
			SetupLoadedEditorAssemblies (213ms)
				LogAssemblyErrors (0ms)
				InitializePlatformSupportModulesInManaged (3ms)
				SetLoadedEditorAssemblies (0ms)
				RefreshPlugins (63ms)
				BeforeProcessingInitializeOnLoad (20ms)
				ProcessInitializeOnLoadAttributes (95ms)
				ProcessInitializeOnLoadMethodAttributes (31ms)
				AfterProcessingInitializeOnLoad (0ms)
				EditorAssembliesLoaded (0ms)
			ExecutionOrderSort2 (0ms)
			AwakeInstancesAfterBackupRestoration (0ms)
Platform modules already initialized, skipping
Registering precompiled user dll's ...
Registered in 0.002524 seconds.
Begin MonoManager ReloadAssembly
Native extension for WindowsStandalone target not found
Refreshing native plugins compatible for Editor in 0.47 ms, found 2 plugins.
Preloading 0 native plugins for Editor in 0.00 ms.
Mono: successfully reloaded assembly
- Completed reload, in  0.999 seconds
Domain Reload Profiling:
	ReloadAssembly (1000ms)
		BeginReloadAssembly (129ms)
			ExecutionOrderSort (0ms)
			DisableScriptedObjects (4ms)
			BackupInstance (0ms)
			ReleaseScriptingObjects (0ms)
			CreateAndSetChildDomain (17ms)
		EndReloadAssembly (817ms)
			LoadAssemblies (76ms)
			RebuildTransferFunctionScriptingTraits (0ms)
			SetupTypeCache (270ms)
			ReleaseScriptCaches (0ms)
			RebuildScriptCaches (48ms)
			SetupLoadedEditorAssemblies (326ms)
				LogAssemblyErrors (0ms)
				InitializePlatformSupportModulesInManaged (4ms)
				SetLoadedEditorAssemblies (1ms)
				RefreshPlugins (1ms)
				BeforeProcessingInitializeOnLoad (86ms)
				ProcessInitializeOnLoadAttributes (226ms)
				ProcessInitializeOnLoadMethodAttributes (4ms)
				AfterProcessingInitializeOnLoad (4ms)
				EditorAssembliesLoaded (0ms)
			ExecutionOrderSort2 (0ms)
			AwakeInstancesAfterBackupRestoration (6ms)
Platform modules already initialized, skipping
========================================================================
Worker process is ready to serve import requests
Launched and connected shader compiler UnityShaderCompiler.exe after 0.07 seconds
Refreshing native plugins compatible for Editor in 0.48 ms, found 2 plugins.
Preloading 0 native plugins for Editor in 0.00 ms.
Unloading 2378 Unused Serialized files (Serialized files now loaded: 0)
System memory in use before: 198.6 MB.
System memory in use after: 198.8 MB.

Unloading 17 unused Assets to reduce memory usage. Loaded Objects now: 2851.
Total: 3.368400 ms (FindLiveObjects: 0.233400 ms CreateObjectMapping: 0.082900 ms MarkObjects: 3.026000 ms  DeleteObjects: 0.024900 ms)

AssetImportParameters requested are different than current active one (requested -> active):
  custom:framework-win-MediaFoundation: 216162199b28c13a410421893ffa2e32 -> 
  custom:video-decoder-ogg-theora: a1e56fd34408186e4bbccfd4996cb3dc -> 
  custom:container-muxer-webm: aa71ff27fc2769a1b78a27578f13a17b -> 
  custom:container-demuxer-webm: 4f35f7cbe854078d1ac9338744f61a02 -> 
  custom:container-demuxer-ogg: 62fdf1f143b41e24485cea50d1cbac27 -> 
  custom:video-encoder-webm-vp8: eb34c28f22e8b96e1ab97ce403110664 -> 
  custom:video-decoder-webm-vp8: 9c59270c3fd7afecdb556c50c9e8de78 -> 
  custom:audio-decoder-ogg-vorbis: bf7c407c2cedff20999df2af8eb42d56 -> 
  custom:audio-encoder-webm-vorbis: bf7c407c2cedff20999df2af8eb42d56 -> 
========================================================================
Received Import Request.
  path: Assets/Sin título-1.png
  artifactKey: Guid(966cba82d03434a4f9a5d7ac664db66d) Importer(815301076,1909f56bfc062723c751e8b465ee728b)
Start importing Assets/Sin título-1.png using Guid(966cba82d03434a4f9a5d7ac664db66d) Importer(815301076,1909f56bfc062723c751e8b465ee728b)  -> (artifact id: 'b19a5e202029cc2efe7cdb6985bd2bcf') in 0.062531 seconds 
  Import took 0.066841 seconds .

========================================================================
Received Import Request.
  Time since last request: 6.683894 seconds.
  path: Assets/Sin título-1.png
  artifactKey: Guid(966cba82d03434a4f9a5d7ac664db66d) Importer(815301076,1909f56bfc062723c751e8b465ee728b)
Start importing Assets/Sin título-1.png using Guid(966cba82d03434a4f9a5d7ac664db66d) Importer(815301076,1909f56bfc062723c751e8b465ee728b)  -> (artifact id: '15e647bcefc11a1bc529a8ea180e68b1') in 0.046345 seconds 
  Import took 0.052140 seconds .

========================================================================
Received Import Request.
  Time since last request: 99.876653 seconds.
  path: Assets/Sin título-1.png
  artifactKey: Guid(966cba82d03434a4f9a5d7ac664db66d) Importer(815301076,1909f56bfc062723c751e8b465ee728b)
Start importing Assets/Sin título-1.png using Guid(966cba82d03434a4f9a5d7ac664db66d) Importer(815301076,1909f56bfc062723c751e8b465ee728b)  -> (artifact id: '09896a1004427e6ce0b84415e2f4391e') in 0.013040 seconds 
  Import took 0.018102 seconds .

========================================================================
Received Prepare
Registering precompiled user dll's ...
Registered in 0.003583 seconds.
Begin MonoManager ReloadAssembly
Native extension for WindowsStandalone target not found
Refreshing native plugins compatible for Editor in 0.51 ms, found 2 plugins.
Preloading 0 native plugins for Editor in 0.00 ms.
Mono: successfully reloaded assembly
- Completed reload, in  1.071 seconds
Domain Reload Profiling:
	ReloadAssembly (1071ms)
		BeginReloadAssembly (122ms)
			ExecutionOrderSort (0ms)
			DisableScriptedObjects (5ms)
			BackupInstance (0ms)
			ReleaseScriptingObjects (0ms)
			CreateAndSetChildDomain (35ms)
		EndReloadAssembly (880ms)
			LoadAssemblies (84ms)
			RebuildTransferFunctionScriptingTraits (0ms)
			SetupTypeCache (311ms)
			ReleaseScriptCaches (1ms)
			RebuildScriptCaches (40ms)
			SetupLoadedEditorAssemblies (324ms)
				LogAssemblyErrors (0ms)
				InitializePlatformSupportModulesInManaged (4ms)
				SetLoadedEditorAssemblies (0ms)
				RefreshPlugins (1ms)
				BeforeProcessingInitializeOnLoad (73ms)
				ProcessInitializeOnLoadAttributes (224ms)
				ProcessInitializeOnLoadMethodAttributes (14ms)
				AfterProcessingInitializeOnLoad (7ms)
				EditorAssembliesLoaded (1ms)
			ExecutionOrderSort2 (0ms)
			AwakeInstancesAfterBackupRestoration (11ms)
Platform modules already initialized, skipping
Refreshing native plugins compatible for Editor in 0.50 ms, found 2 plugins.
Preloading 0 native plugins for Editor in 0.00 ms.
Unloading 2317 Unused Serialized files (Serialized files now loaded: 0)
System memory in use before: 196.1 MB.
System memory in use after: 196.3 MB.

Unloading 13 unused Assets to reduce memory usage. Loaded Objects now: 2860.
Total: 3.439000 ms (FindLiveObjects: 0.245800 ms CreateObjectMapping: 0.104200 ms MarkObjects: 3.070700 ms  DeleteObjects: 0.017000 ms)

AssetImportParameters requested are different than current active one (requested -> active):
  custom:framework-win-MediaFoundation: 216162199b28c13a410421893ffa2e32 -> 
  custom:video-decoder-ogg-theora: a1e56fd34408186e4bbccfd4996cb3dc -> 
  custom:container-muxer-webm: aa71ff27fc2769a1b78a27578f13a17b -> 
  custom:container-demuxer-webm: 4f35f7cbe854078d1ac9338744f61a02 -> 
  custom:container-demuxer-ogg: 62fdf1f143b41e24485cea50d1cbac27 -> 
  custom:video-encoder-webm-vp8: eb34c28f22e8b96e1ab97ce403110664 -> 
  custom:video-decoder-webm-vp8: 9c59270c3fd7afecdb556c50c9e8de78 -> 
  custom:audio-decoder-ogg-vorbis: bf7c407c2cedff20999df2af8eb42d56 -> 
  custom:audio-encoder-webm-vorbis: bf7c407c2cedff20999df2af8eb42d56 -> 
========================================================================
Received Import Request.
  Time since last request: 984.125963 seconds.
  path: Assets/Materials/New Material.mat
  artifactKey: Guid(38fe506b62fa50f40995c60178d7c58c) Importer(815301076,1909f56bfc062723c751e8b465ee728b)
Start importing Assets/Materials/New Material.mat using Guid(38fe506b62fa50f40995c60178d7c58c) Importer(815301076,1909f56bfc062723c751e8b465ee728b)  -> (artifact id: '0f9b939fd95c4f7b4fdc253e14c002b3') in 0.100201 seconds 
  Import took 0.105309 seconds .

========================================================================
Received Import Request.
  Time since last request: 1.548592 seconds.
  path: Assets/Materials/Glow Materials/CoinMaterial.mat
  artifactKey: Guid(fd84b21e214d47244879dd4d8d843d36) Importer(815301076,1909f56bfc062723c751e8b465ee728b)
Start importing Assets/Materials/Glow Materials/CoinMaterial.mat using Guid(fd84b21e214d47244879dd4d8d843d36) Importer(815301076,1909f56bfc062723c751e8b465ee728b)  -> (artifact id: 'adcfd898c628182d73a053a368d7075b') in 0.022393 seconds 
  Import took 0.029419 seconds .

========================================================================
Received Import Request.
  Time since last request: 316.642112 seconds.
  path: Assets/UI/Sprites/jump icon.png
  artifactKey: Guid(1ca72720e9770194cb71a0cfd1ebdcb2) Importer(815301076,1909f56bfc062723c751e8b465ee728b)
Start importing Assets/UI/Sprites/jump icon.png using Guid(1ca72720e9770194cb71a0cfd1ebdcb2) Importer(815301076,1909f56bfc062723c751e8b465ee728b)  -> (artifact id: '2dc105c4d13870b710c2dab232be1910') in 0.038678 seconds 
  Import took 0.044201 seconds .

========================================================================
Received Import Request.
  Time since last request: 0.000211 seconds.
  path: Assets/UI/Sprites/run icon.png
  artifactKey: Guid(0143d2ac09db43b448c9e5dddd4a5d72) Importer(815301076,1909f56bfc062723c751e8b465ee728b)
Start importing Assets/UI/Sprites/run icon.png using Guid(0143d2ac09db43b448c9e5dddd4a5d72) Importer(815301076,1909f56bfc062723c751e8b465ee728b)  -> (artifact id: '4a2911002e8bb2bfeaeb2459369f929d') in 0.021451 seconds 
  Import took 0.026590 seconds .

========================================================================
Received Import Request.
  Time since last request: 0.643139 seconds.
  path: Assets/UI/Sprites/inertia icon 2.png
  artifactKey: Guid(4872a7355a927cc49adadc640382132c) Importer(815301076,1909f56bfc062723c751e8b465ee728b)
Start importing Assets/UI/Sprites/inertia icon 2.png using Guid(4872a7355a927cc49adadc640382132c) Importer(815301076,1909f56bfc062723c751e8b465ee728b)  -> (artifact id: '19c3f82b52dc33dc50c037c588128496') in 0.022253 seconds 
  Import took 0.028335 seconds .

========================================================================
Received Import Request.
  Time since last request: 0.012846 seconds.
  path: Assets/UI/Sprites/heart icon.png
  artifactKey: Guid(3dbaef9ce99d3aa49881049f4dc97d71) Importer(815301076,1909f56bfc062723c751e8b465ee728b)
Start importing Assets/UI/Sprites/heart icon.png using Guid(3dbaef9ce99d3aa49881049f4dc97d71) Importer(815301076,1909f56bfc062723c751e8b465ee728b)  -> (artifact id: '1beca6ed3662745cc42d716b250946c6') in 0.024640 seconds 
  Import took 0.029672 seconds .

========================================================================
Received Import Request.
  Time since last request: 0.000170 seconds.
  path: Assets/UI/Sprites/inertia.png
  artifactKey: Guid(6c7393bc2fc97b248959b9f52f9562b0) Importer(815301076,1909f56bfc062723c751e8b465ee728b)
Start importing Assets/UI/Sprites/inertia.png using Guid(6c7393bc2fc97b248959b9f52f9562b0) Importer(815301076,1909f56bfc062723c751e8b465ee728b)  -> (artifact id: '2a1b08ca18546d202ac65019872ea51b') in 0.022533 seconds 
  Import took 0.029297 seconds .

========================================================================
Received Import Request.
  Time since last request: 0.674507 seconds.
  path: Assets/UI/Sprites/coin icon.png
  artifactKey: Guid(54d5ee392b2cb12489c859e5326718a9) Importer(815301076,1909f56bfc062723c751e8b465ee728b)
Start importing Assets/UI/Sprites/coin icon.png using Guid(54d5ee392b2cb12489c859e5326718a9) Importer(815301076,1909f56bfc062723c751e8b465ee728b)  -> (artifact id: '90ab326b57acce7db1f11f03b8072336') in 0.018330 seconds 
  Import took 0.023967 seconds .

========================================================================
Received Import Request.
  Time since last request: 0.000186 seconds.
  path: Assets/UI/Sprites/dash.png
  artifactKey: Guid(1b869a47d5042c14f961bd72c5743cdc) Importer(815301076,1909f56bfc062723c751e8b465ee728b)
Start importing Assets/UI/Sprites/dash.png using Guid(1b869a47d5042c14f961bd72c5743cdc) Importer(815301076,1909f56bfc062723c751e8b465ee728b)  -> (artifact id: '50867e81df332f96eb172dee683b7c7b') in 0.028322 seconds 
  Import took 0.033488 seconds .

========================================================================
Received Import Request.
  Time since last request: 0.000257 seconds.
  path: Assets/UI/Sprites/dash time.png
  artifactKey: Guid(890a17fdaac8f074f9dfd916f6534c16) Importer(815301076,1909f56bfc062723c751e8b465ee728b)
Start importing Assets/UI/Sprites/dash time.png using Guid(890a17fdaac8f074f9dfd916f6534c16) Importer(815301076,1909f56bfc062723c751e8b465ee728b)  -> (artifact id: 'ddbbcb890389eb6bfd5215639d7b9987') in 0.021530 seconds 
  Import took 0.025682 seconds .

========================================================================
Received Import Request.
  Time since last request: 0.000199 seconds.
  path: Assets/UI/Sprites/dash icon.jpg
  artifactKey: Guid(3fc3002da85312c4ab1ed6c3456970af) Importer(815301076,1909f56bfc062723c751e8b465ee728b)
Start importing Assets/UI/Sprites/dash icon.jpg using Guid(3fc3002da85312c4ab1ed6c3456970af) Importer(815301076,1909f56bfc062723c751e8b465ee728b)  -> (artifact id: '34e2b9b51146e6d15965c88eeeb517c3') in 0.022922 seconds 
  Import took 0.028566 seconds .

AssetImportWorkerClient::OnTransportError - code=2 error=End of file
